[debug] [2026-04-05T14:44:16.230Z] ----------------------------------------------------------------------
[debug] [2026-04-05T14:44:16.232Z] Command:       /usr/local/bin/node /usr/local/bin/firebase init hosting
[debug] [2026-04-05T14:44:16.232Z] CLI Version:   15.13.0
[debug] [2026-04-05T14:44:16.232Z] Platform:      darwin
[debug] [2026-04-05T14:44:16.232Z] Node Version:  v24.14.1
[debug] [2026-04-05T14:44:16.233Z] Time:          Sun Apr 05 2026 20:14:16 GMT+0530 (India Standard Time)
[debug] [2026-04-05T14:44:16.233Z] ----------------------------------------------------------------------
[debug] 
[info] 
     ######## #### ########  ######## ########     ###     ######  ########
     ##        ##  ##     ## ##       ##     ##  ##   ##  ##       ##
     ######    ##  ########  ######   ########  #########  ######  ######
     ##        ##  ##    ##  ##       ##     ## ##     ##       ## ##
     ##       #### ##     ## ######## ########  ##     ##  ######  ########

You're about to initialize a Firebase project in this directory:

  /Users/manum/Downloads/files1

[info] 
=== Project Setup
[info] 
[info] First, let's associate this project directory with a Firebase project.
[info] You can create multiple project aliases by running firebase use --add, 
[info] 
[debug] [2026-04-05T14:45:21.639Z] > command requires scopes: ["email","openid","https://www.googleapis.com/auth/cloudplatformprojects.readonly","https://www.googleapis.com/auth/firebase","https://www.googleapis.com/auth/cloud-platform"]
[debug] [2026-04-05T14:45:21.640Z] > authorizing via signed-in user (manumanu93759@gmail.com)
[debug] [2026-04-05T14:45:21.641Z] Checked if tokens are valid: true, expires at: 1775403763931
[debug] [2026-04-05T14:45:21.641Z] Checked if tokens are valid: true, expires at: 1775403763931
[debug] [2026-04-05T14:45:21.642Z] >>> [apiv2][query] GET https://firebase.googleapis.com/v1beta1/projects pageSize=100
[debug] [2026-04-05T14:45:21.662Z] *** [apiv2] error from fetch(https://firebase.googleapis.com/v1beta1/projects?pageSize=100, {"headers":{},"method":"GET","signal":{"reason":""}}): FetchError: request to https://firebase.googleapis.com/v1beta1/projects?pageSize=100 failed, reason: getaddrinfo ENOTFOUND firebase.googleapis.com
[debug] [2026-04-05T14:45:21.662Z] Failed to make request to https://firebase.googleapis.com/v1beta1/projects?pageSize=100
[debug] [2026-04-05T14:45:21.666Z] FirebaseError: Failed to make request to https://firebase.googleapis.com/v1beta1/projects?pageSize=100
    at RetryOperation._fn (/usr/local/lib/node_modules/firebase-tools/lib/apiv2.js:282:31)
    at process.processTicksAndRejections (node:internal/process/task_queues:104:5)
[error] 
[error] Error: Failed to list Firebase projects. See firebase-debug.log for more info.
